{"C:\\Users\\nicom\\OneDrive\\Documentos\\programacion\\Laboratorio_3_Trabajo_Practico_Reactor_Nuclear\\src\\SistemaDeRefrigeracion\\BarraDeControl\\BarraDeControl.ts": {"path":"C:\\Users\\nicom\\OneDrive\\Documentos\\programacion\\Laboratorio_3_Trabajo_Practico_Reactor_Nuclear\\src\\SistemaDeRefrigeracion\\BarraDeControl\\BarraDeControl.ts","all":false,"statementMap":{"0":{"start":{"line":1,"column":0},"end":{"line":1,"column":80}},"1":{"start":{"line":2,"column":0},"end":{"line":2,"column":0}},"2":{"start":{"line":3,"column":0},"end":{"line":3,"column":37}},"3":{"start":{"line":4,"column":0},"end":{"line":4,"column":28}},"4":{"start":{"line":5,"column":0},"end":{"line":5,"column":28}},"5":{"start":{"line":6,"column":0},"end":{"line":6,"column":0}},"6":{"start":{"line":7,"column":0},"end":{"line":7,"column":32}},"7":{"start":{"line":8,"column":0},"end":{"line":8,"column":29}},"8":{"start":{"line":9,"column":0},"end":{"line":9,"column":5}},"9":{"start":{"line":10,"column":0},"end":{"line":10,"column":0}},"10":{"start":{"line":11,"column":0},"end":{"line":11,"column":51}},"11":{"start":{"line":12,"column":0},"end":{"line":12,"column":39}},"12":{"start":{"line":13,"column":0},"end":{"line":13,"column":58}},"13":{"start":{"line":14,"column":0},"end":{"line":14,"column":9}},"14":{"start":{"line":15,"column":0},"end":{"line":15,"column":5}},"15":{"start":{"line":16,"column":0},"end":{"line":16,"column":0}},"16":{"start":{"line":17,"column":0},"end":{"line":17,"column":50}},"17":{"start":{"line":18,"column":0},"end":{"line":18,"column":46}},"18":{"start":{"line":19,"column":0},"end":{"line":19,"column":36}},"19":{"start":{"line":20,"column":0},"end":{"line":20,"column":5}},"20":{"start":{"line":21,"column":0},"end":{"line":21,"column":0}},"21":{"start":{"line":22,"column":0},"end":{"line":22,"column":42}},"22":{"start":{"line":23,"column":0},"end":{"line":23,"column":32}},"23":{"start":{"line":24,"column":0},"end":{"line":24,"column":5}},"24":{"start":{"line":25,"column":0},"end":{"line":25,"column":0}},"25":{"start":{"line":26,"column":0},"end":{"line":26,"column":45}},"26":{"start":{"line":27,"column":0},"end":{"line":27,"column":31}},"27":{"start":{"line":28,"column":0},"end":{"line":28,"column":5}},"28":{"start":{"line":29,"column":0},"end":{"line":29,"column":0}},"29":{"start":{"line":30,"column":0},"end":{"line":30,"column":32}},"30":{"start":{"line":31,"column":0},"end":{"line":31,"column":29}},"31":{"start":{"line":32,"column":0},"end":{"line":32,"column":5}},"32":{"start":{"line":33,"column":0},"end":{"line":33,"column":4}},"33":{"start":{"line":34,"column":0},"end":{"line":34,"column":18}},"34":{"start":{"line":35,"column":0},"end":{"line":35,"column":50}},"35":{"start":{"line":36,"column":0},"end":{"line":36,"column":52}},"36":{"start":{"line":37,"column":0},"end":{"line":37,"column":57}},"37":{"start":{"line":38,"column":0},"end":{"line":38,"column":45}},"38":{"start":{"line":39,"column":0},"end":{"line":39,"column":35}},"39":{"start":{"line":40,"column":0},"end":{"line":40,"column":35}},"40":{"start":{"line":41,"column":0},"end":{"line":41,"column":9}},"41":{"start":{"line":42,"column":0},"end":{"line":42,"column":13}},"42":{"start":{"line":43,"column":0},"end":{"line":43,"column":30}},"43":{"start":{"line":44,"column":0},"end":{"line":44,"column":28}},"44":{"start":{"line":45,"column":0},"end":{"line":45,"column":9}},"45":{"start":{"line":46,"column":0},"end":{"line":46,"column":5}},"46":{"start":{"line":47,"column":0},"end":{"line":47,"column":1}}},"s":{"0":1,"1":1,"2":8,"3":8,"4":8,"5":8,"6":8,"7":4,"8":4,"9":8,"10":8,"11":9,"12":0,"13":0,"14":9,"15":8,"16":8,"17":1,"18":1,"19":1,"20":8,"21":8,"22":1,"23":1,"24":8,"25":8,"26":0,"27":0,"28":8,"29":8,"30":3,"31":3,"32":8,"33":8,"34":8,"35":8,"36":8,"37":8,"38":8,"39":8,"40":8,"41":0,"42":0,"43":0,"44":0,"45":8,"46":8},"branchMap":{"0":{"type":"branch","line":3,"loc":{"start":{"line":3,"column":0},"end":{"line":47,"column":1}},"locations":[{"start":{"line":3,"column":0},"end":{"line":47,"column":1}}]},"1":{"type":"branch","line":7,"loc":{"start":{"line":7,"column":11},"end":{"line":9,"column":5}},"locations":[{"start":{"line":7,"column":11},"end":{"line":9,"column":5}}]},"2":{"type":"branch","line":11,"loc":{"start":{"line":11,"column":11},"end":{"line":15,"column":5}},"locations":[{"start":{"line":11,"column":11},"end":{"line":15,"column":5}}]},"3":{"type":"branch","line":12,"loc":{"start":{"line":12,"column":38},"end":{"line":14,"column":9}},"locations":[{"start":{"line":12,"column":38},"end":{"line":14,"column":9}}]},"4":{"type":"branch","line":17,"loc":{"start":{"line":17,"column":11},"end":{"line":20,"column":5}},"locations":[{"start":{"line":17,"column":11},"end":{"line":20,"column":5}}]},"5":{"type":"branch","line":22,"loc":{"start":{"line":22,"column":11},"end":{"line":24,"column":5}},"locations":[{"start":{"line":22,"column":11},"end":{"line":24,"column":5}}]},"6":{"type":"branch","line":30,"loc":{"start":{"line":30,"column":11},"end":{"line":32,"column":5}},"locations":[{"start":{"line":30,"column":11},"end":{"line":32,"column":5}}]},"7":{"type":"branch","line":36,"loc":{"start":{"line":36,"column":4},"end":{"line":46,"column":5}},"locations":[{"start":{"line":36,"column":4},"end":{"line":46,"column":5}}]},"8":{"type":"branch","line":42,"loc":{"start":{"line":42,"column":-2},"end":{"line":45,"column":9}},"locations":[{"start":{"line":42,"column":-2},"end":{"line":45,"column":9}}]}},"b":{"0":[8],"1":[4],"2":[9],"3":[0],"4":[1],"5":[1],"6":[3],"7":[8],"8":[0]},"fnMap":{"0":{"name":"<instance_members_initializer>","decl":{"start":{"line":3,"column":0},"end":{"line":47,"column":1}},"loc":{"start":{"line":3,"column":0},"end":{"line":47,"column":1}},"line":3},"1":{"name":"getVidaUtil","decl":{"start":{"line":7,"column":11},"end":{"line":9,"column":5}},"loc":{"start":{"line":7,"column":11},"end":{"line":9,"column":5}},"line":7},"2":{"name":"controlarVidaUtil","decl":{"start":{"line":11,"column":11},"end":{"line":15,"column":5}},"loc":{"start":{"line":11,"column":11},"end":{"line":15,"column":5}},"line":11},"3":{"name":"setVidaUtil","decl":{"start":{"line":17,"column":11},"end":{"line":20,"column":5}},"loc":{"start":{"line":17,"column":11},"end":{"line":20,"column":5}},"line":17},"4":{"name":"desgasteBarraVidaUtil","decl":{"start":{"line":22,"column":11},"end":{"line":24,"column":5}},"loc":{"start":{"line":22,"column":11},"end":{"line":24,"column":5}},"line":22},"5":{"name":"setNroSerie","decl":{"start":{"line":26,"column":11},"end":{"line":28,"column":5}},"loc":{"start":{"line":26,"column":11},"end":{"line":28,"column":5}},"line":26},"6":{"name":"getNroSerie","decl":{"start":{"line":30,"column":11},"end":{"line":32,"column":5}},"loc":{"start":{"line":30,"column":11},"end":{"line":32,"column":5}},"line":30},"7":{"name":"BarraDeControl","decl":{"start":{"line":36,"column":4},"end":{"line":46,"column":5}},"loc":{"start":{"line":36,"column":4},"end":{"line":46,"column":5}},"line":36}},"f":{"0":8,"1":4,"2":9,"3":1,"4":1,"5":0,"6":3,"7":8}}
,"C:\\Users\\nicom\\OneDrive\\Documentos\\programacion\\Laboratorio_3_Trabajo_Practico_Reactor_Nuclear\\src\\SistemaDeRefrigeracion\\ClasesAbstractas\\SistemaDeRegulacionTermica.ts": {"path":"C:\\Users\\nicom\\OneDrive\\Documentos\\programacion\\Laboratorio_3_Trabajo_Practico_Reactor_Nuclear\\src\\SistemaDeRefrigeracion\\ClasesAbstractas\\SistemaDeRegulacionTermica.ts","all":false,"statementMap":{"0":{"start":{"line":1,"column":0},"end":{"line":1,"column":57}},"1":{"start":{"line":2,"column":0},"end":{"line":2,"column":38}},"2":{"start":{"line":3,"column":0},"end":{"line":3,"column":69}},"3":{"start":{"line":4,"column":0},"end":{"line":4,"column":70}},"4":{"start":{"line":5,"column":0},"end":{"line":5,"column":34}},"5":{"start":{"line":6,"column":0},"end":{"line":6,"column":28}},"6":{"start":{"line":7,"column":0},"end":{"line":7,"column":5}},"7":{"start":{"line":8,"column":0},"end":{"line":8,"column":32}},"8":{"start":{"line":9,"column":0},"end":{"line":9,"column":29}},"9":{"start":{"line":10,"column":0},"end":{"line":10,"column":5}},"10":{"start":{"line":11,"column":0},"end":{"line":11,"column":31}},"11":{"start":{"line":12,"column":0},"end":{"line":12,"column":30}},"12":{"start":{"line":13,"column":0},"end":{"line":13,"column":5}},"13":{"start":{"line":14,"column":0},"end":{"line":14,"column":1}}},"s":{"0":10,"1":10,"2":10,"3":10,"4":10,"5":2,"6":2,"7":10,"8":0,"9":0,"10":10,"11":1,"12":1,"13":10},"branchMap":{"0":{"type":"branch","line":1,"loc":{"start":{"line":1,"column":0},"end":{"line":14,"column":1}},"locations":[{"start":{"line":1,"column":0},"end":{"line":14,"column":1}}]},"1":{"type":"branch","line":5,"loc":{"start":{"line":5,"column":11},"end":{"line":7,"column":5}},"locations":[{"start":{"line":5,"column":11},"end":{"line":7,"column":5}}]},"2":{"type":"branch","line":11,"loc":{"start":{"line":11,"column":11},"end":{"line":13,"column":5}},"locations":[{"start":{"line":11,"column":11},"end":{"line":13,"column":5}}]}},"b":{"0":[10],"1":[2],"2":[1]},"fnMap":{"0":{"name":"<instance_members_initializer>","decl":{"start":{"line":1,"column":0},"end":{"line":14,"column":1}},"loc":{"start":{"line":1,"column":0},"end":{"line":14,"column":1}},"line":1},"1":{"name":"encenderSistema","decl":{"start":{"line":5,"column":11},"end":{"line":7,"column":5}},"loc":{"start":{"line":5,"column":11},"end":{"line":7,"column":5}},"line":5},"2":{"name":"apagarSistema","decl":{"start":{"line":8,"column":11},"end":{"line":10,"column":5}},"loc":{"start":{"line":8,"column":11},"end":{"line":10,"column":5}},"line":8},"3":{"name":"getEstado","decl":{"start":{"line":11,"column":11},"end":{"line":13,"column":5}},"loc":{"start":{"line":11,"column":11},"end":{"line":13,"column":5}},"line":11}},"f":{"0":10,"1":2,"2":0,"3":1}}
,"C:\\Users\\nicom\\OneDrive\\Documentos\\programacion\\Laboratorio_3_Trabajo_Practico_Reactor_Nuclear\\src\\SistemaDeRefrigeracion\\Exceptions\\ExceptionSinBarras.ts": {"path":"C:\\Users\\nicom\\OneDrive\\Documentos\\programacion\\Laboratorio_3_Trabajo_Practico_Reactor_Nuclear\\src\\SistemaDeRefrigeracion\\Exceptions\\ExceptionSinBarras.ts","all":false,"statementMap":{"0":{"start":{"line":1,"column":0},"end":{"line":1,"column":54}},"1":{"start":{"line":2,"column":0},"end":{"line":2,"column":0}},"2":{"start":{"line":3,"column":0},"end":{"line":3,"column":31}},"3":{"start":{"line":4,"column":0},"end":{"line":4,"column":28}},"4":{"start":{"line":5,"column":0},"end":{"line":5,"column":5}},"5":{"start":{"line":6,"column":0},"end":{"line":6,"column":0}},"6":{"start":{"line":7,"column":0},"end":{"line":7,"column":18}},"7":{"start":{"line":8,"column":0},"end":{"line":8,"column":18}},"8":{"start":{"line":9,"column":0},"end":{"line":9,"column":16}},"9":{"start":{"line":10,"column":0},"end":{"line":10,"column":61}},"10":{"start":{"line":11,"column":0},"end":{"line":11,"column":5}},"11":{"start":{"line":12,"column":0},"end":{"line":12,"column":1}}},"s":{"0":1,"1":1,"2":1,"3":0,"4":0,"5":1,"6":1,"7":1,"8":2,"9":2,"10":2,"11":1},"branchMap":{"0":{"type":"branch","line":8,"loc":{"start":{"line":8,"column":4},"end":{"line":11,"column":5}},"locations":[{"start":{"line":8,"column":4},"end":{"line":11,"column":5}}]}},"b":{"0":[2]},"fnMap":{"0":{"name":"getMessage","decl":{"start":{"line":3,"column":11},"end":{"line":5,"column":5}},"loc":{"start":{"line":3,"column":11},"end":{"line":5,"column":5}},"line":3},"1":{"name":"ExceptionSinBarras","decl":{"start":{"line":8,"column":4},"end":{"line":11,"column":5}},"loc":{"start":{"line":8,"column":4},"end":{"line":11,"column":5}},"line":8}},"f":{"0":0,"1":2}}
,"C:\\Users\\nicom\\OneDrive\\Documentos\\programacion\\Laboratorio_3_Trabajo_Practico_Reactor_Nuclear\\src\\SistemaDeRefrigeracion\\Exceptions\\ExceptionTemperaturaNormal.ts": {"path":"C:\\Users\\nicom\\OneDrive\\Documentos\\programacion\\Laboratorio_3_Trabajo_Practico_Reactor_Nuclear\\src\\SistemaDeRefrigeracion\\Exceptions\\ExceptionTemperaturaNormal.ts","all":false,"statementMap":{"0":{"start":{"line":1,"column":0},"end":{"line":1,"column":62}},"1":{"start":{"line":2,"column":0},"end":{"line":2,"column":0}},"2":{"start":{"line":3,"column":0},"end":{"line":3,"column":33}},"3":{"start":{"line":4,"column":0},"end":{"line":4,"column":0}},"4":{"start":{"line":5,"column":0},"end":{"line":5,"column":31}},"5":{"start":{"line":6,"column":0},"end":{"line":6,"column":45}},"6":{"start":{"line":7,"column":0},"end":{"line":7,"column":5}},"7":{"start":{"line":8,"column":0},"end":{"line":8,"column":0}},"8":{"start":{"line":9,"column":0},"end":{"line":9,"column":18}},"9":{"start":{"line":10,"column":0},"end":{"line":10,"column":36}},"10":{"start":{"line":11,"column":0},"end":{"line":11,"column":37}},"11":{"start":{"line":12,"column":0},"end":{"line":12,"column":16}},"12":{"start":{"line":13,"column":0},"end":{"line":13,"column":36}},"13":{"start":{"line":14,"column":0},"end":{"line":14,"column":41}},"14":{"start":{"line":15,"column":0},"end":{"line":15,"column":9}},"15":{"start":{"line":16,"column":0},"end":{"line":16,"column":111}},"16":{"start":{"line":17,"column":0},"end":{"line":17,"column":5}},"17":{"start":{"line":18,"column":0},"end":{"line":18,"column":1}}},"s":{"0":2,"1":2,"2":2,"3":2,"4":2,"5":0,"6":0,"7":2,"8":2,"9":2,"10":2,"11":2,"12":2,"13":2,"14":2,"15":2,"16":2,"17":2},"branchMap":{"0":{"type":"branch","line":1,"loc":{"start":{"line":1,"column":0},"end":{"line":18,"column":1}},"locations":[{"start":{"line":1,"column":0},"end":{"line":18,"column":1}}]},"1":{"type":"branch","line":11,"loc":{"start":{"line":11,"column":4},"end":{"line":17,"column":5}},"locations":[{"start":{"line":11,"column":4},"end":{"line":17,"column":5}}]}},"b":{"0":[2],"1":[2]},"fnMap":{"0":{"name":"<instance_members_initializer>","decl":{"start":{"line":1,"column":0},"end":{"line":18,"column":1}},"loc":{"start":{"line":1,"column":0},"end":{"line":18,"column":1}},"line":1},"1":{"name":"getMessage","decl":{"start":{"line":5,"column":11},"end":{"line":7,"column":5}},"loc":{"start":{"line":5,"column":11},"end":{"line":7,"column":5}},"line":5},"2":{"name":"ExceptionTemperaturaNormal","decl":{"start":{"line":11,"column":4},"end":{"line":17,"column":5}},"loc":{"start":{"line":11,"column":4},"end":{"line":17,"column":5}},"line":11}},"f":{"0":2,"1":0,"2":2}}
,"C:\\Users\\nicom\\OneDrive\\Documentos\\programacion\\Laboratorio_3_Trabajo_Practico_Reactor_Nuclear\\src\\SistemaDeRefrigeracion\\Exceptions\\ExceptionVidaUtilInvalida.ts": {"path":"C:\\Users\\nicom\\OneDrive\\Documentos\\programacion\\Laboratorio_3_Trabajo_Practico_Reactor_Nuclear\\src\\SistemaDeRefrigeracion\\Exceptions\\ExceptionVidaUtilInvalida.ts","all":false,"statementMap":{"0":{"start":{"line":1,"column":0},"end":{"line":1,"column":61}},"1":{"start":{"line":2,"column":0},"end":{"line":2,"column":0}},"2":{"start":{"line":3,"column":0},"end":{"line":3,"column":30}},"3":{"start":{"line":4,"column":0},"end":{"line":4,"column":0}},"4":{"start":{"line":5,"column":0},"end":{"line":5,"column":31}},"5":{"start":{"line":6,"column":0},"end":{"line":6,"column":42}},"6":{"start":{"line":7,"column":0},"end":{"line":7,"column":5}},"7":{"start":{"line":8,"column":0},"end":{"line":8,"column":0}},"8":{"start":{"line":9,"column":0},"end":{"line":9,"column":18}},"9":{"start":{"line":10,"column":0},"end":{"line":10,"column":33}},"10":{"start":{"line":11,"column":0},"end":{"line":11,"column":34}},"11":{"start":{"line":12,"column":0},"end":{"line":12,"column":16}},"12":{"start":{"line":13,"column":0},"end":{"line":13,"column":33}},"13":{"start":{"line":14,"column":0},"end":{"line":14,"column":35}},"14":{"start":{"line":15,"column":0},"end":{"line":15,"column":9}},"15":{"start":{"line":16,"column":0},"end":{"line":16,"column":67}},"16":{"start":{"line":17,"column":0},"end":{"line":17,"column":5}},"17":{"start":{"line":18,"column":0},"end":{"line":18,"column":1}}},"s":{"0":0,"1":0,"2":0,"3":0,"4":0,"5":0,"6":0,"7":0,"8":0,"9":0,"10":0,"11":2,"12":2,"13":2,"14":2,"15":2,"16":2,"17":0},"branchMap":{"0":{"type":"branch","line":1,"loc":{"start":{"line":1,"column":0},"end":{"line":18,"column":1}},"locations":[{"start":{"line":1,"column":0},"end":{"line":18,"column":1}}]},"1":{"type":"branch","line":11,"loc":{"start":{"line":11,"column":4},"end":{"line":17,"column":5}},"locations":[{"start":{"line":11,"column":4},"end":{"line":17,"column":5}}]}},"b":{"0":[0],"1":[2]},"fnMap":{"0":{"name":"<instance_members_initializer>","decl":{"start":{"line":1,"column":0},"end":{"line":18,"column":1}},"loc":{"start":{"line":1,"column":0},"end":{"line":18,"column":1}},"line":1},"1":{"name":"getMessage","decl":{"start":{"line":5,"column":11},"end":{"line":7,"column":5}},"loc":{"start":{"line":5,"column":11},"end":{"line":7,"column":5}},"line":5},"2":{"name":"ExceptionVidaUtilInvalida","decl":{"start":{"line":11,"column":4},"end":{"line":17,"column":5}},"loc":{"start":{"line":11,"column":4},"end":{"line":17,"column":5}},"line":11}},"f":{"0":0,"1":0,"2":2}}
,"C:\\Users\\nicom\\OneDrive\\Documentos\\programacion\\Laboratorio_3_Trabajo_Practico_Reactor_Nuclear\\src\\SistemaDeRefrigeracion\\SistemaBarrasDeControl\\SistemaBarrasDeControl.ts": {"path":"C:\\Users\\nicom\\OneDrive\\Documentos\\programacion\\Laboratorio_3_Trabajo_Practico_Reactor_Nuclear\\src\\SistemaDeRefrigeracion\\SistemaBarrasDeControl\\SistemaBarrasDeControl.ts","all":false,"statementMap":{"0":{"start":{"line":1,"column":0},"end":{"line":1,"column":88}},"1":{"start":{"line":2,"column":0},"end":{"line":2,"column":82}},"2":{"start":{"line":3,"column":0},"end":{"line":3,"column":62}},"3":{"start":{"line":4,"column":0},"end":{"line":4,"column":66}},"4":{"start":{"line":5,"column":0},"end":{"line":5,"column":0}},"5":{"start":{"line":6,"column":0},"end":{"line":6,"column":79}},"6":{"start":{"line":7,"column":0},"end":{"line":7,"column":0}},"7":{"start":{"line":8,"column":0},"end":{"line":8,"column":50}},"8":{"start":{"line":9,"column":0},"end":{"line":9,"column":36}},"9":{"start":{"line":10,"column":0},"end":{"line":10,"column":0}},"10":{"start":{"line":11,"column":0},"end":{"line":11,"column":38}},"11":{"start":{"line":12,"column":0},"end":{"line":12,"column":35}},"12":{"start":{"line":13,"column":0},"end":{"line":13,"column":5}},"13":{"start":{"line":14,"column":0},"end":{"line":14,"column":0}},"14":{"start":{"line":15,"column":0},"end":{"line":15,"column":41}},"15":{"start":{"line":16,"column":0},"end":{"line":16,"column":30}},"16":{"start":{"line":17,"column":0},"end":{"line":17,"column":5}},"17":{"start":{"line":18,"column":0},"end":{"line":18,"column":0}},"18":{"start":{"line":19,"column":0},"end":{"line":19,"column":29}},"19":{"start":{"line":20,"column":0},"end":{"line":20,"column":47}},"20":{"start":{"line":21,"column":0},"end":{"line":21,"column":5}},"21":{"start":{"line":22,"column":0},"end":{"line":22,"column":0}},"22":{"start":{"line":23,"column":0},"end":{"line":23,"column":54}},"23":{"start":{"line":24,"column":0},"end":{"line":24,"column":48}},"24":{"start":{"line":25,"column":0},"end":{"line":25,"column":5}},"25":{"start":{"line":26,"column":0},"end":{"line":26,"column":0}},"26":{"start":{"line":27,"column":0},"end":{"line":27,"column":30}},"27":{"start":{"line":28,"column":0},"end":{"line":28,"column":28}},"28":{"start":{"line":29,"column":0},"end":{"line":29,"column":41}},"29":{"start":{"line":30,"column":0},"end":{"line":30,"column":9}},"30":{"start":{"line":31,"column":0},"end":{"line":31,"column":13}},"31":{"start":{"line":32,"column":0},"end":{"line":32,"column":43}},"32":{"start":{"line":33,"column":0},"end":{"line":33,"column":9}},"33":{"start":{"line":34,"column":0},"end":{"line":34,"column":5}},"34":{"start":{"line":35,"column":0},"end":{"line":35,"column":0}},"35":{"start":{"line":36,"column":0},"end":{"line":36,"column":43}},"36":{"start":{"line":37,"column":0},"end":{"line":37,"column":28}},"37":{"start":{"line":38,"column":0},"end":{"line":38,"column":43}},"38":{"start":{"line":39,"column":0},"end":{"line":39,"column":9}},"39":{"start":{"line":40,"column":0},"end":{"line":40,"column":13}},"40":{"start":{"line":41,"column":0},"end":{"line":41,"column":43}},"41":{"start":{"line":42,"column":0},"end":{"line":42,"column":9}},"42":{"start":{"line":43,"column":0},"end":{"line":43,"column":5}},"43":{"start":{"line":44,"column":0},"end":{"line":44,"column":0}},"44":{"start":{"line":45,"column":0},"end":{"line":45,"column":63}},"45":{"start":{"line":46,"column":0},"end":{"line":46,"column":41}},"46":{"start":{"line":47,"column":0},"end":{"line":47,"column":31}},"47":{"start":{"line":48,"column":0},"end":{"line":48,"column":42}},"48":{"start":{"line":49,"column":0},"end":{"line":49,"column":9}},"49":{"start":{"line":50,"column":0},"end":{"line":50,"column":5}},"50":{"start":{"line":51,"column":0},"end":{"line":51,"column":0}},"51":{"start":{"line":52,"column":0},"end":{"line":52,"column":33}},"52":{"start":{"line":53,"column":0},"end":{"line":53,"column":46}},"53":{"start":{"line":54,"column":0},"end":{"line":54,"column":23}},"54":{"start":{"line":55,"column":0},"end":{"line":55,"column":44}},"55":{"start":{"line":56,"column":0},"end":{"line":56,"column":55}},"56":{"start":{"line":57,"column":0},"end":{"line":57,"column":49}},"57":{"start":{"line":58,"column":0},"end":{"line":58,"column":9}},"58":{"start":{"line":59,"column":0},"end":{"line":59,"column":69}},"59":{"start":{"line":60,"column":0},"end":{"line":60,"column":45}},"60":{"start":{"line":61,"column":0},"end":{"line":61,"column":5}},"61":{"start":{"line":62,"column":0},"end":{"line":62,"column":0}},"62":{"start":{"line":63,"column":0},"end":{"line":63,"column":60}},"63":{"start":{"line":64,"column":0},"end":{"line":64,"column":28}},"64":{"start":{"line":65,"column":0},"end":{"line":65,"column":35}},"65":{"start":{"line":66,"column":0},"end":{"line":66,"column":9}},"66":{"start":{"line":67,"column":0},"end":{"line":67,"column":13}},"67":{"start":{"line":68,"column":0},"end":{"line":68,"column":62}},"68":{"start":{"line":69,"column":0},"end":{"line":69,"column":9}},"69":{"start":{"line":70,"column":0},"end":{"line":70,"column":5}},"70":{"start":{"line":71,"column":0},"end":{"line":71,"column":0}},"71":{"start":{"line":72,"column":0},"end":{"line":72,"column":44}},"72":{"start":{"line":73,"column":0},"end":{"line":73,"column":58}},"73":{"start":{"line":74,"column":0},"end":{"line":74,"column":5}},"74":{"start":{"line":75,"column":0},"end":{"line":75,"column":0}},"75":{"start":{"line":76,"column":0},"end":{"line":76,"column":61}},"76":{"start":{"line":77,"column":0},"end":{"line":77,"column":28}},"77":{"start":{"line":78,"column":0},"end":{"line":78,"column":90}},"78":{"start":{"line":79,"column":0},"end":{"line":79,"column":33}},"79":{"start":{"line":80,"column":0},"end":{"line":80,"column":43}},"80":{"start":{"line":81,"column":0},"end":{"line":81,"column":9}},"81":{"start":{"line":82,"column":0},"end":{"line":82,"column":30}},"82":{"start":{"line":83,"column":0},"end":{"line":83,"column":5}},"83":{"start":{"line":84,"column":0},"end":{"line":84,"column":0}},"84":{"start":{"line":85,"column":0},"end":{"line":85,"column":45}},"85":{"start":{"line":86,"column":0},"end":{"line":86,"column":36}},"86":{"start":{"line":87,"column":0},"end":{"line":87,"column":5}},"87":{"start":{"line":88,"column":0},"end":{"line":88,"column":0}},"88":{"start":{"line":89,"column":0},"end":{"line":89,"column":18}},"89":{"start":{"line":90,"column":0},"end":{"line":90,"column":55}},"90":{"start":{"line":91,"column":0},"end":{"line":91,"column":56}},"91":{"start":{"line":92,"column":0},"end":{"line":92,"column":16}},"92":{"start":{"line":93,"column":0},"end":{"line":93,"column":40}},"93":{"start":{"line":94,"column":0},"end":{"line":94,"column":49}},"94":{"start":{"line":95,"column":0},"end":{"line":95,"column":9}},"95":{"start":{"line":96,"column":0},"end":{"line":96,"column":13}},"96":{"start":{"line":97,"column":0},"end":{"line":97,"column":36}},"97":{"start":{"line":98,"column":0},"end":{"line":98,"column":9}},"98":{"start":{"line":99,"column":0},"end":{"line":99,"column":5}},"99":{"start":{"line":100,"column":0},"end":{"line":100,"column":1}}},"s":{"0":1,"1":1,"2":1,"3":1,"4":1,"5":10,"6":10,"7":10,"8":10,"9":10,"10":10,"11":0,"12":0,"13":10,"14":10,"15":0,"16":0,"17":10,"18":10,"19":7,"20":7,"21":10,"22":10,"23":8,"24":8,"25":10,"26":10,"27":2,"28":1,"29":1,"30":1,"31":1,"32":1,"33":2,"34":10,"35":10,"36":5,"37":4,"38":4,"39":1,"40":1,"41":1,"42":5,"43":10,"44":10,"45":1,"46":0,"47":0,"48":0,"49":1,"50":10,"51":10,"52":1,"53":1,"54":1,"55":0,"56":0,"57":0,"58":1,"59":1,"60":1,"61":10,"62":10,"63":3,"64":1,"65":1,"66":2,"67":2,"68":2,"69":3,"70":10,"71":10,"72":2,"73":2,"74":10,"75":10,"76":1,"77":1,"78":1,"79":1,"80":1,"81":0,"82":0,"83":10,"84":10,"85":2,"86":2,"87":10,"88":10,"89":10,"90":10,"91":10,"92":10,"93":0,"94":0,"95":10,"96":10,"97":10,"98":10,"99":10},"branchMap":{"0":{"type":"branch","line":6,"loc":{"start":{"line":6,"column":0},"end":{"line":100,"column":1}},"locations":[{"start":{"line":6,"column":0},"end":{"line":100,"column":1}}]},"1":{"type":"branch","line":19,"loc":{"start":{"line":19,"column":11},"end":{"line":21,"column":5}},"locations":[{"start":{"line":19,"column":11},"end":{"line":21,"column":5}}]},"2":{"type":"branch","line":23,"loc":{"start":{"line":23,"column":11},"end":{"line":25,"column":5}},"locations":[{"start":{"line":23,"column":11},"end":{"line":25,"column":5}}]},"3":{"type":"branch","line":27,"loc":{"start":{"line":27,"column":11},"end":{"line":34,"column":5}},"locations":[{"start":{"line":27,"column":11},"end":{"line":34,"column":5}}]},"4":{"type":"branch","line":28,"loc":{"start":{"line":28,"column":27},"end":{"line":33,"column":9}},"locations":[{"start":{"line":28,"column":27},"end":{"line":33,"column":9}}]},"5":{"type":"branch","line":36,"loc":{"start":{"line":36,"column":11},"end":{"line":43,"column":5}},"locations":[{"start":{"line":36,"column":11},"end":{"line":43,"column":5}}]},"6":{"type":"branch","line":37,"loc":{"start":{"line":37,"column":27},"end":{"line":39,"column":9}},"locations":[{"start":{"line":37,"column":27},"end":{"line":39,"column":9}}]},"7":{"type":"branch","line":40,"loc":{"start":{"line":40,"column":-2},"end":{"line":42,"column":9}},"locations":[{"start":{"line":40,"column":-2},"end":{"line":42,"column":9}}]},"8":{"type":"branch","line":45,"loc":{"start":{"line":45,"column":11},"end":{"line":50,"column":5}},"locations":[{"start":{"line":45,"column":11},"end":{"line":50,"column":5}}]},"9":{"type":"branch","line":46,"loc":{"start":{"line":46,"column":40},"end":{"line":49,"column":9}},"locations":[{"start":{"line":46,"column":40},"end":{"line":49,"column":9}}]},"10":{"type":"branch","line":52,"loc":{"start":{"line":52,"column":12},"end":{"line":61,"column":5}},"locations":[{"start":{"line":52,"column":12},"end":{"line":61,"column":5}}]},"11":{"type":"branch","line":55,"loc":{"start":{"line":55,"column":43},"end":{"line":58,"column":9}},"locations":[{"start":{"line":55,"column":43},"end":{"line":58,"column":9}}]},"12":{"type":"branch","line":63,"loc":{"start":{"line":63,"column":11},"end":{"line":70,"column":5}},"locations":[{"start":{"line":63,"column":11},"end":{"line":70,"column":5}}]},"13":{"type":"branch","line":64,"loc":{"start":{"line":64,"column":27},"end":{"line":66,"column":9}},"locations":[{"start":{"line":64,"column":27},"end":{"line":66,"column":9}}]},"14":{"type":"branch","line":67,"loc":{"start":{"line":67,"column":-2},"end":{"line":69,"column":9}},"locations":[{"start":{"line":67,"column":-2},"end":{"line":69,"column":9}}]},"15":{"type":"branch","line":72,"loc":{"start":{"line":72,"column":11},"end":{"line":74,"column":5}},"locations":[{"start":{"line":72,"column":11},"end":{"line":74,"column":5}}]},"16":{"type":"branch","line":76,"loc":{"start":{"line":76,"column":11},"end":{"line":83,"column":5}},"locations":[{"start":{"line":76,"column":11},"end":{"line":83,"column":5}}]},"17":{"type":"branch","line":82,"loc":{"start":{"line":82,"column":-2},"end":{"line":83,"column":5}},"locations":[{"start":{"line":82,"column":-2},"end":{"line":83,"column":5}}]},"18":{"type":"branch","line":85,"loc":{"start":{"line":85,"column":11},"end":{"line":87,"column":5}},"locations":[{"start":{"line":85,"column":11},"end":{"line":87,"column":5}}]},"19":{"type":"branch","line":91,"loc":{"start":{"line":91,"column":4},"end":{"line":99,"column":5}},"locations":[{"start":{"line":91,"column":4},"end":{"line":99,"column":5}}]},"20":{"type":"branch","line":93,"loc":{"start":{"line":93,"column":39},"end":{"line":95,"column":9}},"locations":[{"start":{"line":93,"column":39},"end":{"line":95,"column":9}}]}},"b":{"0":[10],"1":[7],"2":[8],"3":[2],"4":[1],"5":[5],"6":[4],"7":[1],"8":[1],"9":[0],"10":[1],"11":[0],"12":[3],"13":[1],"14":[2],"15":[2],"16":[1],"17":[0],"18":[2],"19":[10],"20":[0]},"fnMap":{"0":{"name":"<instance_members_initializer>","decl":{"start":{"line":6,"column":0},"end":{"line":100,"column":1}},"loc":{"start":{"line":6,"column":0},"end":{"line":100,"column":1}},"line":6},"1":{"name":"getBarrasGastadas","decl":{"start":{"line":11,"column":11},"end":{"line":13,"column":5}},"loc":{"start":{"line":11,"column":11},"end":{"line":13,"column":5}},"line":11},"2":{"name":"aumentarBarrasGastadas","decl":{"start":{"line":15,"column":11},"end":{"line":17,"column":5}},"loc":{"start":{"line":15,"column":11},"end":{"line":17,"column":5}},"line":15},"3":{"name":"isEmpty","decl":{"start":{"line":19,"column":11},"end":{"line":21,"column":5}},"loc":{"start":{"line":19,"column":11},"end":{"line":21,"column":5}},"line":19},"4":{"name":"addBarra","decl":{"start":{"line":23,"column":11},"end":{"line":25,"column":5}},"loc":{"start":{"line":23,"column":11},"end":{"line":25,"column":5}},"line":23},"5":{"name":"removeBarra","decl":{"start":{"line":27,"column":11},"end":{"line":34,"column":5}},"loc":{"start":{"line":27,"column":11},"end":{"line":34,"column":5}},"line":27},"6":{"name":"getBarraActual","decl":{"start":{"line":36,"column":11},"end":{"line":43,"column":5}},"loc":{"start":{"line":36,"column":11},"end":{"line":43,"column":5}},"line":36},"7":{"name":"comprobarReemplazo","decl":{"start":{"line":45,"column":11},"end":{"line":50,"column":5}},"loc":{"start":{"line":45,"column":11},"end":{"line":50,"column":5}},"line":45},"8":{"name":"procesarBarra","decl":{"start":{"line":52,"column":12},"end":{"line":61,"column":5}},"loc":{"start":{"line":52,"column":12},"end":{"line":61,"column":5}},"line":52},"9":{"name":"controlarEnergiaTermica","decl":{"start":{"line":63,"column":11},"end":{"line":70,"column":5}},"loc":{"start":{"line":63,"column":11},"end":{"line":70,"column":5}},"line":63},"10":{"name":"getPorcentajeProduccion","decl":{"start":{"line":72,"column":11},"end":{"line":74,"column":5}},"loc":{"start":{"line":72,"column":11},"end":{"line":74,"column":5}},"line":72},"11":{"name":"getEnergiaTermica","decl":{"start":{"line":76,"column":11},"end":{"line":83,"column":5}},"loc":{"start":{"line":76,"column":11},"end":{"line":83,"column":5}},"line":76},"12":{"name":"getBarras","decl":{"start":{"line":85,"column":11},"end":{"line":87,"column":5}},"loc":{"start":{"line":85,"column":11},"end":{"line":87,"column":5}},"line":85},"13":{"name":"SistemaBarrasDeControl","decl":{"start":{"line":91,"column":4},"end":{"line":99,"column":5}},"loc":{"start":{"line":91,"column":4},"end":{"line":99,"column":5}},"line":91}},"f":{"0":10,"1":0,"2":0,"3":7,"4":8,"5":2,"6":5,"7":1,"8":1,"9":3,"10":2,"11":1,"12":2,"13":10}}
,"C:\\Users\\nicom\\OneDrive\\Documentos\\programacion\\Laboratorio_3_Trabajo_Practico_Reactor_Nuclear\\tests\\SistemaDeRefrigeracion\\SistemaBarrasDeControl\\mocks.ts": {"path":"C:\\Users\\nicom\\OneDrive\\Documentos\\programacion\\Laboratorio_3_Trabajo_Practico_Reactor_Nuclear\\tests\\SistemaDeRefrigeracion\\SistemaBarrasDeControl\\mocks.ts","all":false,"statementMap":{"0":{"start":{"line":1,"column":0},"end":{"line":1,"column":29}},"1":{"start":{"line":2,"column":0},"end":{"line":2,"column":50}},"2":{"start":{"line":3,"column":0},"end":{"line":3,"column":2}}},"s":{"0":1,"1":1,"2":1},"branchMap":{},"b":{},"fnMap":{},"f":{}}
}
