TN:
SF:src\SistemaDeRefrigeracion\BarraDeControl\BarraDeControl.ts
FN:3,<instance_members_initializer>
FN:7,getVidaUtil
FN:11,controlarVidaUtil
FN:17,setVidaUtil
FN:22,desgasteBarraVidaUtil
FN:26,setNroSerie
FN:30,getNroSerie
FN:36,BarraDeControl
FNF:8
FNH:7
FNDA:8,<instance_members_initializer>
FNDA:4,getVidaUtil
FNDA:9,controlarVidaUtil
FNDA:1,setVidaUtil
FNDA:1,desgasteBarraVidaUtil
FNDA:0,setNroSerie
FNDA:3,getNroSerie
FNDA:8,BarraDeControl
DA:1,1
DA:2,1
DA:3,8
DA:4,8
DA:5,8
DA:6,8
DA:7,8
DA:8,4
DA:9,4
DA:10,8
DA:11,8
DA:12,9
DA:13,0
DA:14,0
DA:15,9
DA:16,8
DA:17,8
DA:18,1
DA:19,1
DA:20,1
DA:21,8
DA:22,8
DA:23,1
DA:24,1
DA:25,8
DA:26,8
DA:27,0
DA:28,0
DA:29,8
DA:30,8
DA:31,3
DA:32,3
DA:33,8
DA:34,8
DA:35,8
DA:36,8
DA:37,8
DA:38,8
DA:39,8
DA:40,8
DA:41,8
DA:42,0
DA:43,0
DA:44,0
DA:45,0
DA:46,8
DA:47,8
LF:47
LH:39
BRDA:3,0,0,8
BRDA:7,1,0,4
BRDA:11,2,0,9
BRDA:12,3,0,0
BRDA:17,4,0,1
BRDA:22,5,0,1
BRDA:30,6,0,3
BRDA:36,7,0,8
BRDA:42,8,0,0
BRF:9
BRH:7
end_of_record
TN:
SF:src\SistemaDeRefrigeracion\ClasesAbstractas\SistemaDeRegulacionTermica.ts
FN:1,<instance_members_initializer>
FN:5,encenderSistema
FN:8,apagarSistema
FN:11,getEstado
FNF:4
FNH:3
FNDA:10,<instance_members_initializer>
FNDA:2,encenderSistema
FNDA:0,apagarSistema
FNDA:1,getEstado
DA:1,10
DA:2,10
DA:3,10
DA:4,10
DA:5,10
DA:6,2
DA:7,2
DA:8,10
DA:9,0
DA:10,0
DA:11,10
DA:12,1
DA:13,1
DA:14,10
LF:14
LH:12
BRDA:1,0,0,10
BRDA:5,1,0,2
BRDA:11,2,0,1
BRF:3
BRH:3
end_of_record
TN:
SF:src\SistemaDeRefrigeracion\Exceptions\ExceptionSinBarras.ts
FN:3,getMessage
FN:8,ExceptionSinBarras
FNF:2
FNH:1
FNDA:0,getMessage
FNDA:2,ExceptionSinBarras
DA:1,1
DA:2,1
DA:3,1
DA:4,0
DA:5,0
DA:6,1
DA:7,1
DA:8,1
DA:9,2
DA:10,2
DA:11,2
DA:12,1
LF:12
LH:10
BRDA:8,0,0,2
BRF:1
BRH:1
end_of_record
TN:
SF:src\SistemaDeRefrigeracion\Exceptions\ExceptionTemperaturaNormal.ts
FN:1,<instance_members_initializer>
FN:5,getMessage
FN:11,ExceptionTemperaturaNormal
FNF:3
FNH:2
FNDA:2,<instance_members_initializer>
FNDA:0,getMessage
FNDA:2,ExceptionTemperaturaNormal
DA:1,2
DA:2,2
DA:3,2
DA:4,2
DA:5,2
DA:6,0
DA:7,0
DA:8,2
DA:9,2
DA:10,2
DA:11,2
DA:12,2
DA:13,2
DA:14,2
DA:15,2
DA:16,2
DA:17,2
DA:18,2
LF:18
LH:16
BRDA:1,0,0,2
BRDA:11,1,0,2
BRF:2
BRH:2
end_of_record
TN:
SF:src\SistemaDeRefrigeracion\Exceptions\ExceptionVidaUtilInvalida.ts
FN:1,<instance_members_initializer>
FN:5,getMessage
FN:11,ExceptionVidaUtilInvalida
FNF:3
FNH:1
FNDA:0,<instance_members_initializer>
FNDA:0,getMessage
FNDA:2,ExceptionVidaUtilInvalida
DA:1,0
DA:2,0
DA:3,0
DA:4,0
DA:5,0
DA:6,0
DA:7,0
DA:8,0
DA:9,0
DA:10,0
DA:11,0
DA:12,2
DA:13,2
DA:14,2
DA:15,2
DA:16,2
DA:17,2
DA:18,0
LF:18
LH:6
BRDA:1,0,0,0
BRDA:11,1,0,2
BRF:2
BRH:1
end_of_record
TN:
SF:src\SistemaDeRefrigeracion\SistemaBarrasDeControl\SistemaBarrasDeControl.ts
FN:6,<instance_members_initializer>
FN:11,getBarrasGastadas
FN:15,aumentarBarrasGastadas
FN:19,isEmpty
FN:23,addBarra
FN:27,removeBarra
FN:36,getBarraActual
FN:45,comprobarReemplazo
FN:52,procesarBarra
FN:63,controlarEnergiaTermica
FN:72,getPorcentajeProduccion
FN:76,getEnergiaTermica
FN:85,getBarras
FN:91,SistemaBarrasDeControl
FNF:14
FNH:12
FNDA:10,<instance_members_initializer>
FNDA:0,getBarrasGastadas
FNDA:0,aumentarBarrasGastadas
FNDA:7,isEmpty
FNDA:8,addBarra
FNDA:2,removeBarra
FNDA:5,getBarraActual
FNDA:1,comprobarReemplazo
FNDA:1,procesarBarra
FNDA:3,controlarEnergiaTermica
FNDA:2,getPorcentajeProduccion
FNDA:1,getEnergiaTermica
FNDA:2,getBarras
FNDA:10,SistemaBarrasDeControl
DA:1,1
DA:2,1
DA:3,1
DA:4,1
DA:5,1
DA:6,10
DA:7,10
DA:8,10
DA:9,10
DA:10,10
DA:11,10
DA:12,0
DA:13,0
DA:14,10
DA:15,10
DA:16,0
DA:17,0
DA:18,10
DA:19,10
DA:20,7
DA:21,7
DA:22,10
DA:23,10
DA:24,8
DA:25,8
DA:26,10
DA:27,10
DA:28,2
DA:29,1
DA:30,1
DA:31,1
DA:32,1
DA:33,1
DA:34,2
DA:35,10
DA:36,10
DA:37,5
DA:38,4
DA:39,4
DA:40,1
DA:41,1
DA:42,1
DA:43,5
DA:44,10
DA:45,10
DA:46,1
DA:47,0
DA:48,0
DA:49,0
DA:50,1
DA:51,10
DA:52,10
DA:53,1
DA:54,1
DA:55,1
DA:56,0
DA:57,0
DA:58,0
DA:59,1
DA:60,1
DA:61,1
DA:62,10
DA:63,10
DA:64,3
DA:65,1
DA:66,1
DA:67,2
DA:68,2
DA:69,2
DA:70,3
DA:71,10
DA:72,10
DA:73,2
DA:74,2
DA:75,10
DA:76,10
DA:77,1
DA:78,1
DA:79,1
DA:80,1
DA:81,1
DA:82,0
DA:83,0
DA:84,10
DA:85,10
DA:86,2
DA:87,2
DA:88,10
DA:89,10
DA:90,10
DA:91,10
DA:92,10
DA:93,10
DA:94,0
DA:95,0
DA:96,10
DA:97,10
DA:98,10
DA:99,10
DA:100,10
LF:100
LH:86
BRDA:6,0,0,10
BRDA:19,1,0,7
BRDA:23,2,0,8
BRDA:27,3,0,2
BRDA:28,4,0,1
BRDA:36,5,0,5
BRDA:37,6,0,4
BRDA:40,7,0,1
BRDA:45,8,0,1
BRDA:46,9,0,0
BRDA:52,10,0,1
BRDA:55,11,0,0
BRDA:63,12,0,3
BRDA:64,13,0,1
BRDA:67,14,0,2
BRDA:72,15,0,2
BRDA:76,16,0,1
BRDA:82,17,0,0
BRDA:85,18,0,2
BRDA:91,19,0,10
BRDA:93,20,0,0
BRF:21
BRH:17
end_of_record
TN:
SF:tests\SistemaDeRefrigeracion\SistemaBarrasDeControl\mocks.ts
FNF:0
FNH:0
DA:1,1
DA:2,1
DA:3,1
LF:3
LH:3
BRF:0
BRH:0
end_of_record
